<?xml version="1.0" encoding="UTF-8"?>
<testng-results skipped="0" failed="0" ignored="0" total="1" passed="1">
  <reporter-output>
  </reporter-output>
  <suite name="Suite1" duration-ms="130036" started-at="2019-03-08T23:37:29Z" finished-at="2019-03-08T23:39:39Z">
    <groups>
      <group name="cucumber">
        <method signature="AbstractTestNGCucumberTests.feature(cucumber.api.testng.CucumberFeatureWrapper)[pri:0, instance:com.testngrunner.TestNGRunner@4883b407]" name="feature" class="cucumber.api.testng.AbstractTestNGCucumberTests"/>
      </group> <!-- cucumber -->
    </groups>
    <test name="Nopackage" duration-ms="130036" started-at="2019-03-08T23:37:29Z" finished-at="2019-03-08T23:39:39Z">
      <class name="com.testngrunner.TestNGRunner">
        <test-method status="PASS" signature="setUpClass()[pri:0, instance:com.testngrunner.TestNGRunner@4883b407]" name="setUpClass" is-config="true" duration-ms="240" started-at="2019-03-08T23:37:29Z" finished-at="2019-03-08T23:37:29Z">
          <reporter-output>
          </reporter-output>
        </test-method> <!-- setUpClass -->
        <test-method status="PASS" signature="feature(cucumber.api.testng.CucumberFeatureWrapper)[pri:0, instance:com.testngrunner.TestNGRunner@4883b407]" name="feature" duration-ms="129683" started-at="2019-03-08T23:37:30Z" description="Runs Cucumber Feature" data-provider="features" finished-at="2019-03-08T23:39:39Z">
          <params>
            <param index="0">
              <value>
                <![CDATA[Disney World  functionalaty testting]]>
              </value>
            </param>
          </params>
          <reporter-output>
          </reporter-output>
        </test-method> <!-- feature -->
        <test-method status="PASS" signature="tearDownClass()[pri:0, instance:com.testngrunner.TestNGRunner@4883b407]" name="tearDownClass" is-config="true" duration-ms="4" started-at="2019-03-08T23:39:39Z" finished-at="2019-03-08T23:39:39Z">
          <reporter-output>
          </reporter-output>
        </test-method> <!-- tearDownClass -->
      </class> <!-- com.testngrunner.TestNGRunner -->
    </test> <!-- Nopackage -->
  </suite> <!-- Suite1 -->
</testng-results>
